2023-05-26T11:32:13.291+05:30  INFO 11816 --- [restartedMain] c.pms.G2PatientInfoServiceApplication    : Starting G2PatientInfoServiceApplication using Java 17.0.6 with PID 11816 (C:\Users\getlost\Desktop\pms-final\updated services\g2-patient-info-service\target\classes started by getlost in C:\Users\getlost\Desktop\pms-final\updated services\g2-patient-info-service)
2023-05-26T11:32:13.304+05:30  INFO 11816 --- [restartedMain] c.pms.G2PatientInfoServiceApplication    : The following 1 profile is active: "production"
2023-05-26T11:32:13.653+05:30  INFO 11816 --- [restartedMain] .e.DevToolsPropertyDefaultsPostProcessor : For additional web related logging consider setting the 'logging.level.web' property to 'DEBUG'
2023-05-26T11:32:20.704+05:30  INFO 11816 --- [restartedMain] .s.d.r.c.RepositoryConfigurationDelegate : Bootstrapping Spring Data JPA repositories in DEFAULT mode.
2023-05-26T11:32:21.261+05:30  INFO 11816 --- [restartedMain] .s.d.r.c.RepositoryConfigurationDelegate : Finished Spring Data repository scanning in 540 ms. Found 1 JPA repository interfaces.
2023-05-26T11:32:22.573+05:30  INFO 11816 --- [restartedMain] o.s.cloud.context.scope.GenericScope     : BeanFactory id=de692e98-4188-34b8-8d3f-14274c9aaa3b
2023-05-26T11:32:22.958+05:30  INFO 11816 --- [restartedMain] trationDelegate$BeanPostProcessorChecker : Bean 'org.springframework.ws.config.annotation.DelegatingWsConfiguration' of type [org.springframework.ws.config.annotation.DelegatingWsConfiguration$$SpringCGLIB$$0] is not eligible for getting processed by all BeanPostProcessors (for example: not eligible for auto-proxying)
2023-05-26T11:32:23.194+05:30  INFO 11816 --- [restartedMain] .w.s.a.s.AnnotationActionEndpointMapping : Supporting [WS-Addressing August 2004, WS-Addressing 1.0]
2023-05-26T11:32:23.993+05:30  INFO 11816 --- [restartedMain] trationDelegate$BeanPostProcessorChecker : Bean 'org.springframework.cloud.client.loadbalancer.reactive.LoadBalancerBeanPostProcessorAutoConfiguration' of type [org.springframework.cloud.client.loadbalancer.reactive.LoadBalancerBeanPostProcessorAutoConfiguration] is not eligible for getting processed by all BeanPostProcessors (for example: not eligible for auto-proxying)
2023-05-26T11:32:24.005+05:30  INFO 11816 --- [restartedMain] trationDelegate$BeanPostProcessorChecker : Bean 'org.springframework.cloud.client.loadbalancer.reactive.LoadBalancerBeanPostProcessorAutoConfiguration$ReactorDeferringLoadBalancerFilterConfig' of type [org.springframework.cloud.client.loadbalancer.reactive.LoadBalancerBeanPostProcessorAutoConfiguration$ReactorDeferringLoadBalancerFilterConfig] is not eligible for getting processed by all BeanPostProcessors (for example: not eligible for auto-proxying)
2023-05-26T11:32:24.025+05:30  INFO 11816 --- [restartedMain] trationDelegate$BeanPostProcessorChecker : Bean 'reactorDeferringLoadBalancerExchangeFilterFunction' of type [org.springframework.cloud.client.loadbalancer.reactive.DeferringLoadBalancerExchangeFilterFunction] is not eligible for getting processed by all BeanPostProcessors (for example: not eligible for auto-proxying)
2023-05-26T11:32:25.196+05:30  INFO 11816 --- [restartedMain] o.s.b.w.embedded.tomcat.TomcatWebServer  : Tomcat initialized with port(s): 9005 (http)
2023-05-26T11:32:25.236+05:30  INFO 11816 --- [restartedMain] o.apache.catalina.core.StandardService   : Starting service [Tomcat]
2023-05-26T11:32:25.236+05:30  INFO 11816 --- [restartedMain] o.apache.catalina.core.StandardEngine    : Starting Servlet engine: [Apache Tomcat/10.1.7]
2023-05-26T11:32:25.715+05:30  INFO 11816 --- [restartedMain] o.a.c.c.C.[Tomcat].[localhost].[/]       : Initializing Spring embedded WebApplicationContext
2023-05-26T11:32:25.716+05:30  INFO 11816 --- [restartedMain] w.s.c.ServletWebServerApplicationContext : Root WebApplicationContext: initialization completed in 12061 ms
2023-05-26T11:32:29.148+05:30  INFO 11816 --- [restartedMain] com.zaxxer.hikari.HikariDataSource       : HikariPool-1 - Starting...
2023-05-26T11:32:33.398+05:30  INFO 11816 --- [restartedMain] com.zaxxer.hikari.pool.HikariPool        : HikariPool-1 - Added connection com.mysql.cj.jdbc.ConnectionImpl@306b1d24
2023-05-26T11:32:33.402+05:30  INFO 11816 --- [restartedMain] com.zaxxer.hikari.HikariDataSource       : HikariPool-1 - Start completed.
2023-05-26T11:32:33.566+05:30  INFO 11816 --- [restartedMain] SQL dialect                              : HHH000400: Using dialect: org.hibernate.dialect.MySQL8Dialect
2023-05-26T11:32:38.757+05:30  INFO 11816 --- [restartedMain] j.LocalContainerEntityManagerFactoryBean : Initialized JPA EntityManagerFactory for persistence unit 'default'
2023-05-26T11:32:40.534+05:30  WARN 11816 --- [restartedMain] JpaBaseConfiguration$JpaWebConfiguration : spring.jpa.open-in-view is enabled by default. Therefore, database queries may be performed during view rendering. Explicitly configure spring.jpa.open-in-view to disable this warning
2023-05-26T11:32:48.230+05:30  INFO 11816 --- [restartedMain] o.s.b.d.a.OptionalLiveReloadServer       : LiveReload server is running on port 35729
2023-05-26T11:32:49.012+05:30  WARN 11816 --- [restartedMain] iguration$LoadBalancerCaffeineWarnLogger : Spring Cloud LoadBalancer is currently working with the default cache. While this cache implementation is useful for development and tests, it's recommended to use Caffeine cache in production.You can switch to using Caffeine cache, by adding it and org.springframework.cache.caffeine.CaffeineCacheManager to the classpath.
2023-05-26T11:32:49.034+05:30  INFO 11816 --- [restartedMain] o.s.b.a.e.web.EndpointLinksResolver      : Exposing 1 endpoint(s) beneath base path '/actuator'
2023-05-26T11:32:49.471+05:30  INFO 11816 --- [restartedMain] o.s.b.w.embedded.tomcat.TomcatWebServer  : Tomcat started on port(s): 9005 (http) with context path ''
2023-05-26T11:32:49.488+05:30  INFO 11816 --- [restartedMain] o.s.c.c.s.ConsulServiceRegistry          : Registering service with consul: NewService{id='g2-patient-info-service-9005', name='g2-patient-info-service', tags=[], address='192.168.1.13', meta={secure=false}, port=9005, enableTagOverride=null, check=Check{script='null', dockerContainerID='null', shell='null', interval='10s', ttl='null', http='http://192.168.1.13:9005/actuator/health', method='null', header={}, tcp='null', timeout='null', deregisterCriticalServiceAfter='null', tlsSkipVerify=null, status='null', grpc='null', grpcUseTLS=null}, checks=null}
2023-05-26T11:32:49.531+05:30 ERROR 11816 --- [catalogWatchTaskScheduler-1] o.s.c.c.discovery.ConsulDiscoveryClient  : Error watching Consul CatalogServices

com.ecwid.consul.transport.TransportException: org.apache.http.conn.HttpHostConnectException: Connect to localhost:8500 [localhost/127.0.0.1, localhost/0:0:0:0:0:0:0:1] failed: Connection refused: no further information
	at com.ecwid.consul.transport.AbstractHttpTransport.executeRequest(AbstractHttpTransport.java:83) ~[consul-api-1.4.5.jar:na]
	at com.ecwid.consul.transport.AbstractHttpTransport.makeGetRequest(AbstractHttpTransport.java:36) ~[consul-api-1.4.5.jar:na]
	at com.ecwid.consul.v1.ConsulRawClient.makeGetRequest(ConsulRawClient.java:139) ~[consul-api-1.4.5.jar:na]
	at com.ecwid.consul.v1.catalog.CatalogConsulClient.getCatalogServices(CatalogConsulClient.java:143) ~[consul-api-1.4.5.jar:na]
	at com.ecwid.consul.v1.ConsulClient.getCatalogServices(ConsulClient.java:400) ~[consul-api-1.4.5.jar:na]
	at org.springframework.cloud.consul.discovery.ConsulCatalogWatch.catalogServicesWatch(ConsulCatalogWatch.java:130) ~[spring-cloud-consul-discovery-4.0.1.jar:4.0.1]
	at org.springframework.scheduling.support.DelegatingErrorHandlingRunnable.run(DelegatingErrorHandlingRunnable.java:54) ~[spring-context-6.0.7.jar:6.0.7]
	at java.base/java.util.concurrent.Executors$RunnableAdapter.call(Executors.java:539) ~[na:na]
	at java.base/java.util.concurrent.FutureTask.runAndReset(FutureTask.java:305) ~[na:na]
	at java.base/java.util.concurrent.ScheduledThreadPoolExecutor$ScheduledFutureTask.run(ScheduledThreadPoolExecutor.java:305) ~[na:na]
	at java.base/java.util.concurrent.ThreadPoolExecutor.runWorker(ThreadPoolExecutor.java:1136) ~[na:na]
	at java.base/java.util.concurrent.ThreadPoolExecutor$Worker.run(ThreadPoolExecutor.java:635) ~[na:na]
	at java.base/java.lang.Thread.run(Thread.java:833) ~[na:na]
Caused by: org.apache.http.conn.HttpHostConnectException: Connect to localhost:8500 [localhost/127.0.0.1, localhost/0:0:0:0:0:0:0:1] failed: Connection refused: no further information
	at org.apache.http.impl.conn.DefaultHttpClientConnectionOperator.connect(DefaultHttpClientConnectionOperator.java:156) ~[httpclient-4.5.14.jar:4.5.14]
	at org.apache.http.impl.conn.PoolingHttpClientConnectionManager.connect(PoolingHttpClientConnectionManager.java:376) ~[httpclient-4.5.14.jar:4.5.14]
	at org.apache.http.impl.execchain.MainClientExec.establishRoute(MainClientExec.java:393) ~[httpclient-4.5.14.jar:4.5.14]
	at org.apache.http.impl.execchain.MainClientExec.execute(MainClientExec.java:236) ~[httpclient-4.5.14.jar:4.5.14]
	at org.apache.http.impl.execchain.ProtocolExec.execute(ProtocolExec.java:186) ~[httpclient-4.5.14.jar:4.5.14]
	at org.apache.http.impl.execchain.RetryExec.execute(RetryExec.java:89) ~[httpclient-4.5.14.jar:4.5.14]
	at org.apache.http.impl.execchain.RedirectExec.execute(RedirectExec.java:110) ~[httpclient-4.5.14.jar:4.5.14]
	at org.apache.http.impl.client.InternalHttpClient.doExecute(InternalHttpClient.java:185) ~[httpclient-4.5.14.jar:4.5.14]
	at org.apache.http.impl.client.CloseableHttpClient.execute(CloseableHttpClient.java:72) ~[httpclient-4.5.14.jar:4.5.14]
	at org.apache.http.impl.client.CloseableHttpClient.execute(CloseableHttpClient.java:221) ~[httpclient-4.5.14.jar:4.5.14]
	at org.apache.http.impl.client.CloseableHttpClient.execute(CloseableHttpClient.java:165) ~[httpclient-4.5.14.jar:4.5.14]
	at org.apache.http.impl.client.CloseableHttpClient.execute(CloseableHttpClient.java:140) ~[httpclient-4.5.14.jar:4.5.14]
	at com.ecwid.consul.transport.AbstractHttpTransport.executeRequest(AbstractHttpTransport.java:70) ~[consul-api-1.4.5.jar:na]
	... 12 common frames omitted
Caused by: java.net.ConnectException: Connection refused: no further information
	at java.base/sun.nio.ch.Net.pollConnect(Native Method) ~[na:na]
	at java.base/sun.nio.ch.Net.pollConnectNow(Net.java:672) ~[na:na]
	at java.base/sun.nio.ch.NioSocketImpl.timedFinishConnect(NioSocketImpl.java:542) ~[na:na]
	at java.base/sun.nio.ch.NioSocketImpl.connect(NioSocketImpl.java:597) ~[na:na]
	at java.base/java.net.SocksSocketImpl.connect(SocksSocketImpl.java:327) ~[na:na]
	at java.base/java.net.Socket.connect(Socket.java:633) ~[na:na]
	at org.apache.http.conn.socket.PlainConnectionSocketFactory.connectSocket(PlainConnectionSocketFactory.java:75) ~[httpclient-4.5.14.jar:4.5.14]
	at org.apache.http.impl.conn.DefaultHttpClientConnectionOperator.connect(DefaultHttpClientConnectionOperator.java:142) ~[httpclient-4.5.14.jar:4.5.14]
	... 24 common frames omitted

2023-05-26T11:32:49.546+05:30 ERROR 11816 --- [restartedMain] o.s.c.c.s.ConsulServiceRegistry          : Error registering service with consul: NewService{id='g2-patient-info-service-9005', name='g2-patient-info-service', tags=[], address='192.168.1.13', meta={secure=false}, port=9005, enableTagOverride=null, check=Check{script='null', dockerContainerID='null', shell='null', interval='10s', ttl='null', http='http://192.168.1.13:9005/actuator/health', method='null', header={}, tcp='null', timeout='null', deregisterCriticalServiceAfter='null', tlsSkipVerify=null, status='null', grpc='null', grpcUseTLS=null}, checks=null}

com.ecwid.consul.transport.TransportException: org.apache.http.conn.HttpHostConnectException: Connect to localhost:8500 [localhost/127.0.0.1, localhost/0:0:0:0:0:0:0:1] failed: Connection refused: no further information
	at com.ecwid.consul.transport.AbstractHttpTransport.executeRequest(AbstractHttpTransport.java:83) ~[consul-api-1.4.5.jar:na]
	at com.ecwid.consul.transport.AbstractHttpTransport.makePutRequest(AbstractHttpTransport.java:49) ~[consul-api-1.4.5.jar:na]
	at com.ecwid.consul.v1.ConsulRawClient.makePutRequest(ConsulRawClient.java:163) ~[consul-api-1.4.5.jar:na]
	at com.ecwid.consul.v1.agent.AgentConsulClient.agentServiceRegister(AgentConsulClient.java:273) ~[consul-api-1.4.5.jar:na]
	at com.ecwid.consul.v1.ConsulClient.agentServiceRegister(ConsulClient.java:310) ~[consul-api-1.4.5.jar:na]
	at org.springframework.cloud.consul.serviceregistry.ConsulServiceRegistry.register(ConsulServiceRegistry.java:67) ~[spring-cloud-consul-discovery-4.0.1.jar:4.0.1]
	at org.springframework.cloud.consul.serviceregistry.ConsulServiceRegistry.register(ConsulServiceRegistry.java:43) ~[spring-cloud-consul-discovery-4.0.1.jar:4.0.1]
	at org.springframework.cloud.client.serviceregistry.AbstractAutoServiceRegistration.register(AbstractAutoServiceRegistration.java:264) ~[spring-cloud-commons-4.0.1.jar:4.0.1]
	at org.springframework.cloud.consul.serviceregistry.ConsulAutoServiceRegistration.register(ConsulAutoServiceRegistration.java:80) ~[spring-cloud-consul-discovery-4.0.1.jar:4.0.1]
	at org.springframework.cloud.client.serviceregistry.AbstractAutoServiceRegistration.start(AbstractAutoServiceRegistration.java:156) ~[spring-cloud-commons-4.0.1.jar:4.0.1]
	at org.springframework.cloud.consul.serviceregistry.ConsulAutoServiceRegistration.start(ConsulAutoServiceRegistration.java:70) ~[spring-cloud-consul-discovery-4.0.1.jar:4.0.1]
	at org.springframework.cloud.consul.serviceregistry.ConsulAutoServiceRegistrationListener.onApplicationEvent(ConsulAutoServiceRegistrationListener.java:60) ~[spring-cloud-consul-discovery-4.0.1.jar:4.0.1]
	at org.springframework.context.event.SimpleApplicationEventMulticaster.doInvokeListener(SimpleApplicationEventMulticaster.java:176) ~[spring-context-6.0.7.jar:6.0.7]
	at org.springframework.context.event.SimpleApplicationEventMulticaster.invokeListener(SimpleApplicationEventMulticaster.java:169) ~[spring-context-6.0.7.jar:6.0.7]
	at org.springframework.context.event.SimpleApplicationEventMulticaster.multicastEvent(SimpleApplicationEventMulticaster.java:143) ~[spring-context-6.0.7.jar:6.0.7]
	at org.springframework.context.support.AbstractApplicationContext.publishEvent(AbstractApplicationContext.java:413) ~[spring-context-6.0.7.jar:6.0.7]
	at org.springframework.context.support.AbstractApplicationContext.publishEvent(AbstractApplicationContext.java:370) ~[spring-context-6.0.7.jar:6.0.7]
	at org.springframework.boot.web.servlet.context.WebServerStartStopLifecycle.start(WebServerStartStopLifecycle.java:47) ~[spring-boot-3.0.5.jar:3.0.5]
	at org.springframework.context.support.DefaultLifecycleProcessor.doStart(DefaultLifecycleProcessor.java:178) ~[spring-context-6.0.7.jar:6.0.7]
	at org.springframework.context.support.DefaultLifecycleProcessor$LifecycleGroup.start(DefaultLifecycleProcessor.java:356) ~[spring-context-6.0.7.jar:6.0.7]
	at java.base/java.lang.Iterable.forEach(Iterable.java:75) ~[na:na]
	at org.springframework.context.support.DefaultLifecycleProcessor.startBeans(DefaultLifecycleProcessor.java:155) ~[spring-context-6.0.7.jar:6.0.7]
	at org.springframework.context.support.DefaultLifecycleProcessor.onRefresh(DefaultLifecycleProcessor.java:123) ~[spring-context-6.0.7.jar:6.0.7]
	at org.springframework.context.support.AbstractApplicationContext.finishRefresh(AbstractApplicationContext.java:934) ~[spring-context-6.0.7.jar:6.0.7]
	at org.springframework.context.support.AbstractApplicationContext.refresh(AbstractApplicationContext.java:587) ~[spring-context-6.0.7.jar:6.0.7]
	at org.springframework.boot.web.servlet.context.ServletWebServerApplicationContext.refresh(ServletWebServerApplicationContext.java:146) ~[spring-boot-3.0.5.jar:3.0.5]
	at org.springframework.boot.SpringApplication.refresh(SpringApplication.java:732) ~[spring-boot-3.0.5.jar:3.0.5]
	at org.springframework.boot.SpringApplication.refreshContext(SpringApplication.java:434) ~[spring-boot-3.0.5.jar:3.0.5]
	at org.springframework.boot.SpringApplication.run(SpringApplication.java:310) ~[spring-boot-3.0.5.jar:3.0.5]
	at org.springframework.boot.SpringApplication.run(SpringApplication.java:1304) ~[spring-boot-3.0.5.jar:3.0.5]
	at org.springframework.boot.SpringApplication.run(SpringApplication.java:1293) ~[spring-boot-3.0.5.jar:3.0.5]
	at com.pms.G2PatientInfoServiceApplication.main(G2PatientInfoServiceApplication.java:10) ~[classes/:na]
	at java.base/jdk.internal.reflect.NativeMethodAccessorImpl.invoke0(Native Method) ~[na:na]
	at java.base/jdk.internal.reflect.NativeMethodAccessorImpl.invoke(NativeMethodAccessorImpl.java:77) ~[na:na]
	at java.base/jdk.internal.reflect.DelegatingMethodAccessorImpl.invoke(DelegatingMethodAccessorImpl.java:43) ~[na:na]
	at java.base/java.lang.reflect.Method.invoke(Method.java:568) ~[na:na]
	at org.springframework.boot.devtools.restart.RestartLauncher.run(RestartLauncher.java:49) ~[spring-boot-devtools-3.0.5.jar:3.0.5]
Caused by: org.apache.http.conn.HttpHostConnectException: Connect to localhost:8500 [localhost/127.0.0.1, localhost/0:0:0:0:0:0:0:1] failed: Connection refused: no further information
	at org.apache.http.impl.conn.DefaultHttpClientConnectionOperator.connect(DefaultHttpClientConnectionOperator.java:156) ~[httpclient-4.5.14.jar:4.5.14]
	at org.apache.http.impl.conn.PoolingHttpClientConnectionManager.connect(PoolingHttpClientConnectionManager.java:376) ~[httpclient-4.5.14.jar:4.5.14]
	at org.apache.http.impl.execchain.MainClientExec.establishRoute(MainClientExec.java:393) ~[httpclient-4.5.14.jar:4.5.14]
	at org.apache.http.impl.execchain.MainClientExec.execute(MainClientExec.java:236) ~[httpclient-4.5.14.jar:4.5.14]
	at org.apache.http.impl.execchain.ProtocolExec.execute(ProtocolExec.java:186) ~[httpclient-4.5.14.jar:4.5.14]
	at org.apache.http.impl.execchain.RetryExec.execute(RetryExec.java:89) ~[httpclient-4.5.14.jar:4.5.14]
	at org.apache.http.impl.execchain.RedirectExec.execute(RedirectExec.java:110) ~[httpclient-4.5.14.jar:4.5.14]
	at org.apache.http.impl.client.InternalHttpClient.doExecute(InternalHttpClient.java:185) ~[httpclient-4.5.14.jar:4.5.14]
	at org.apache.http.impl.client.CloseableHttpClient.execute(CloseableHttpClient.java:72) ~[httpclient-4.5.14.jar:4.5.14]
	at org.apache.http.impl.client.CloseableHttpClient.execute(CloseableHttpClient.java:221) ~[httpclient-4.5.14.jar:4.5.14]
	at org.apache.http.impl.client.CloseableHttpClient.execute(CloseableHttpClient.java:165) ~[httpclient-4.5.14.jar:4.5.14]
	at org.apache.http.impl.client.CloseableHttpClient.execute(CloseableHttpClient.java:140) ~[httpclient-4.5.14.jar:4.5.14]
	at com.ecwid.consul.transport.AbstractHttpTransport.executeRequest(AbstractHttpTransport.java:70) ~[consul-api-1.4.5.jar:na]
	... 36 common frames omitted
Caused by: java.net.ConnectException: Connection refused: no further information
	at java.base/sun.nio.ch.Net.pollConnect(Native Method) ~[na:na]
	at java.base/sun.nio.ch.Net.pollConnectNow(Net.java:672) ~[na:na]
	at java.base/sun.nio.ch.NioSocketImpl.timedFinishConnect(NioSocketImpl.java:542) ~[na:na]
	at java.base/sun.nio.ch.NioSocketImpl.connect(NioSocketImpl.java:597) ~[na:na]
	at java.base/java.net.SocksSocketImpl.connect(SocksSocketImpl.java:327) ~[na:na]
	at java.base/java.net.Socket.connect(Socket.java:633) ~[na:na]
	at org.apache.http.conn.socket.PlainConnectionSocketFactory.connectSocket(PlainConnectionSocketFactory.java:75) ~[httpclient-4.5.14.jar:4.5.14]
	at org.apache.http.impl.conn.DefaultHttpClientConnectionOperator.connect(DefaultHttpClientConnectionOperator.java:142) ~[httpclient-4.5.14.jar:4.5.14]
	... 48 common frames omitted

2023-05-26T11:32:49.553+05:30  WARN 11816 --- [restartedMain] ConfigServletWebServerApplicationContext : Exception encountered during context initialization - cancelling refresh attempt: org.springframework.context.ApplicationContextException: Failed to start bean 'webServerStartStop'
2023-05-26T11:32:49.738+05:30  INFO 11816 --- [restartedMain] j.LocalContainerEntityManagerFactoryBean : Closing JPA EntityManagerFactory for persistence unit 'default'
2023-05-26T11:32:49.745+05:30  INFO 11816 --- [restartedMain] com.zaxxer.hikari.HikariDataSource       : HikariPool-1 - Shutdown initiated...
2023-05-26T11:32:52.088+05:30  INFO 11816 --- [restartedMain] com.zaxxer.hikari.HikariDataSource       : HikariPool-1 - Shutdown completed.
2023-05-26T11:32:52.134+05:30  INFO 11816 --- [restartedMain] o.apache.catalina.core.StandardService   : Stopping service [Tomcat]
2023-05-26T11:32:52.215+05:30  INFO 11816 --- [restartedMain] .s.b.a.l.ConditionEvaluationReportLogger : 

Error starting ApplicationContext. To display the condition evaluation report re-run your application with 'debug' enabled.
2023-05-26T11:32:52.268+05:30 ERROR 11816 --- [restartedMain] o.s.boot.SpringApplication               : Application run failed

org.springframework.context.ApplicationContextException: Failed to start bean 'webServerStartStop'
	at org.springframework.context.support.DefaultLifecycleProcessor.doStart(DefaultLifecycleProcessor.java:181) ~[spring-context-6.0.7.jar:6.0.7]
	at org.springframework.context.support.DefaultLifecycleProcessor$LifecycleGroup.start(DefaultLifecycleProcessor.java:356) ~[spring-context-6.0.7.jar:6.0.7]
	at java.base/java.lang.Iterable.forEach(Iterable.java:75) ~[na:na]
	at org.springframework.context.support.DefaultLifecycleProcessor.startBeans(DefaultLifecycleProcessor.java:155) ~[spring-context-6.0.7.jar:6.0.7]
	at org.springframework.context.support.DefaultLifecycleProcessor.onRefresh(DefaultLifecycleProcessor.java:123) ~[spring-context-6.0.7.jar:6.0.7]
	at org.springframework.context.support.AbstractApplicationContext.finishRefresh(AbstractApplicationContext.java:934) ~[spring-context-6.0.7.jar:6.0.7]
	at org.springframework.context.support.AbstractApplicationContext.refresh(AbstractApplicationContext.java:587) ~[spring-context-6.0.7.jar:6.0.7]
	at org.springframework.boot.web.servlet.context.ServletWebServerApplicationContext.refresh(ServletWebServerApplicationContext.java:146) ~[spring-boot-3.0.5.jar:3.0.5]
	at org.springframework.boot.SpringApplication.refresh(SpringApplication.java:732) ~[spring-boot-3.0.5.jar:3.0.5]
	at org.springframework.boot.SpringApplication.refreshContext(SpringApplication.java:434) ~[spring-boot-3.0.5.jar:3.0.5]
	at org.springframework.boot.SpringApplication.run(SpringApplication.java:310) ~[spring-boot-3.0.5.jar:3.0.5]
	at org.springframework.boot.SpringApplication.run(SpringApplication.java:1304) ~[spring-boot-3.0.5.jar:3.0.5]
	at org.springframework.boot.SpringApplication.run(SpringApplication.java:1293) ~[spring-boot-3.0.5.jar:3.0.5]
	at com.pms.G2PatientInfoServiceApplication.main(G2PatientInfoServiceApplication.java:10) ~[classes/:na]
	at java.base/jdk.internal.reflect.NativeMethodAccessorImpl.invoke0(Native Method) ~[na:na]
	at java.base/jdk.internal.reflect.NativeMethodAccessorImpl.invoke(NativeMethodAccessorImpl.java:77) ~[na:na]
	at java.base/jdk.internal.reflect.DelegatingMethodAccessorImpl.invoke(DelegatingMethodAccessorImpl.java:43) ~[na:na]
	at java.base/java.lang.reflect.Method.invoke(Method.java:568) ~[na:na]
	at org.springframework.boot.devtools.restart.RestartLauncher.run(RestartLauncher.java:49) ~[spring-boot-devtools-3.0.5.jar:3.0.5]
Caused by: com.ecwid.consul.transport.TransportException: org.apache.http.conn.HttpHostConnectException: Connect to localhost:8500 [localhost/127.0.0.1, localhost/0:0:0:0:0:0:0:1] failed: Connection refused: no further information
	at com.ecwid.consul.transport.AbstractHttpTransport.executeRequest(AbstractHttpTransport.java:83) ~[consul-api-1.4.5.jar:na]
	at com.ecwid.consul.transport.AbstractHttpTransport.makePutRequest(AbstractHttpTransport.java:49) ~[consul-api-1.4.5.jar:na]
	at com.ecwid.consul.v1.ConsulRawClient.makePutRequest(ConsulRawClient.java:163) ~[consul-api-1.4.5.jar:na]
	at com.ecwid.consul.v1.agent.AgentConsulClient.agentServiceRegister(AgentConsulClient.java:273) ~[consul-api-1.4.5.jar:na]
	at com.ecwid.consul.v1.ConsulClient.agentServiceRegister(ConsulClient.java:310) ~[consul-api-1.4.5.jar:na]
	at org.springframework.cloud.consul.serviceregistry.ConsulServiceRegistry.register(ConsulServiceRegistry.java:67) ~[spring-cloud-consul-discovery-4.0.1.jar:4.0.1]
	at org.springframework.cloud.consul.serviceregistry.ConsulServiceRegistry.register(ConsulServiceRegistry.java:43) ~[spring-cloud-consul-discovery-4.0.1.jar:4.0.1]
	at org.springframework.cloud.client.serviceregistry.AbstractAutoServiceRegistration.register(AbstractAutoServiceRegistration.java:264) ~[spring-cloud-commons-4.0.1.jar:4.0.1]
	at org.springframework.cloud.consul.serviceregistry.ConsulAutoServiceRegistration.register(ConsulAutoServiceRegistration.java:80) ~[spring-cloud-consul-discovery-4.0.1.jar:4.0.1]
	at org.springframework.cloud.client.serviceregistry.AbstractAutoServiceRegistration.start(AbstractAutoServiceRegistration.java:156) ~[spring-cloud-commons-4.0.1.jar:4.0.1]
	at org.springframework.cloud.consul.serviceregistry.ConsulAutoServiceRegistration.start(ConsulAutoServiceRegistration.java:70) ~[spring-cloud-consul-discovery-4.0.1.jar:4.0.1]
	at org.springframework.cloud.consul.serviceregistry.ConsulAutoServiceRegistrationListener.onApplicationEvent(ConsulAutoServiceRegistrationListener.java:60) ~[spring-cloud-consul-discovery-4.0.1.jar:4.0.1]
	at org.springframework.context.event.SimpleApplicationEventMulticaster.doInvokeListener(SimpleApplicationEventMulticaster.java:176) ~[spring-context-6.0.7.jar:6.0.7]
	at org.springframework.context.event.SimpleApplicationEventMulticaster.invokeListener(SimpleApplicationEventMulticaster.java:169) ~[spring-context-6.0.7.jar:6.0.7]
	at org.springframework.context.event.SimpleApplicationEventMulticaster.multicastEvent(SimpleApplicationEventMulticaster.java:143) ~[spring-context-6.0.7.jar:6.0.7]
	at org.springframework.context.support.AbstractApplicationContext.publishEvent(AbstractApplicationContext.java:413) ~[spring-context-6.0.7.jar:6.0.7]
	at org.springframework.context.support.AbstractApplicationContext.publishEvent(AbstractApplicationContext.java:370) ~[spring-context-6.0.7.jar:6.0.7]
	at org.springframework.boot.web.servlet.context.WebServerStartStopLifecycle.start(WebServerStartStopLifecycle.java:47) ~[spring-boot-3.0.5.jar:3.0.5]
	at org.springframework.context.support.DefaultLifecycleProcessor.doStart(DefaultLifecycleProcessor.java:178) ~[spring-context-6.0.7.jar:6.0.7]
	... 18 common frames omitted
Caused by: org.apache.http.conn.HttpHostConnectException: Connect to localhost:8500 [localhost/127.0.0.1, localhost/0:0:0:0:0:0:0:1] failed: Connection refused: no further information
	at org.apache.http.impl.conn.DefaultHttpClientConnectionOperator.connect(DefaultHttpClientConnectionOperator.java:156) ~[httpclient-4.5.14.jar:4.5.14]
	at org.apache.http.impl.conn.PoolingHttpClientConnectionManager.connect(PoolingHttpClientConnectionManager.java:376) ~[httpclient-4.5.14.jar:4.5.14]
	at org.apache.http.impl.execchain.MainClientExec.establishRoute(MainClientExec.java:393) ~[httpclient-4.5.14.jar:4.5.14]
	at org.apache.http.impl.execchain.MainClientExec.execute(MainClientExec.java:236) ~[httpclient-4.5.14.jar:4.5.14]
	at org.apache.http.impl.execchain.ProtocolExec.execute(ProtocolExec.java:186) ~[httpclient-4.5.14.jar:4.5.14]
	at org.apache.http.impl.execchain.RetryExec.execute(RetryExec.java:89) ~[httpclient-4.5.14.jar:4.5.14]
	at org.apache.http.impl.execchain.RedirectExec.execute(RedirectExec.java:110) ~[httpclient-4.5.14.jar:4.5.14]
	at org.apache.http.impl.client.InternalHttpClient.doExecute(InternalHttpClient.java:185) ~[httpclient-4.5.14.jar:4.5.14]
	at org.apache.http.impl.client.CloseableHttpClient.execute(CloseableHttpClient.java:72) ~[httpclient-4.5.14.jar:4.5.14]
	at org.apache.http.impl.client.CloseableHttpClient.execute(CloseableHttpClient.java:221) ~[httpclient-4.5.14.jar:4.5.14]
	at org.apache.http.impl.client.CloseableHttpClient.execute(CloseableHttpClient.java:165) ~[httpclient-4.5.14.jar:4.5.14]
	at org.apache.http.impl.client.CloseableHttpClient.execute(CloseableHttpClient.java:140) ~[httpclient-4.5.14.jar:4.5.14]
	at com.ecwid.consul.transport.AbstractHttpTransport.executeRequest(AbstractHttpTransport.java:70) ~[consul-api-1.4.5.jar:na]
	... 36 common frames omitted
Caused by: java.net.ConnectException: Connection refused: no further information
	at java.base/sun.nio.ch.Net.pollConnect(Native Method) ~[na:na]
	at java.base/sun.nio.ch.Net.pollConnectNow(Net.java:672) ~[na:na]
	at java.base/sun.nio.ch.NioSocketImpl.timedFinishConnect(NioSocketImpl.java:542) ~[na:na]
	at java.base/sun.nio.ch.NioSocketImpl.connect(NioSocketImpl.java:597) ~[na:na]
	at java.base/java.net.SocksSocketImpl.connect(SocksSocketImpl.java:327) ~[na:na]
	at java.base/java.net.Socket.connect(Socket.java:633) ~[na:na]
	at org.apache.http.conn.socket.PlainConnectionSocketFactory.connectSocket(PlainConnectionSocketFactory.java:75) ~[httpclient-4.5.14.jar:4.5.14]
	at org.apache.http.impl.conn.DefaultHttpClientConnectionOperator.connect(DefaultHttpClientConnectionOperator.java:142) ~[httpclient-4.5.14.jar:4.5.14]
	... 48 common frames omitted

2023-05-26T11:34:49.386+05:30  INFO 9048 --- [restartedMain] c.pms.G2PatientInfoServiceApplication    : Starting G2PatientInfoServiceApplication using Java 17.0.6 with PID 9048 (C:\Users\getlost\Desktop\pms-final\updated services\g2-patient-info-service\target\classes started by getlost in C:\Users\getlost\Desktop\pms-final\updated services\g2-patient-info-service)
2023-05-26T11:34:49.511+05:30  INFO 9048 --- [restartedMain] c.pms.G2PatientInfoServiceApplication    : The following 1 profile is active: "production"
2023-05-26T11:34:49.635+05:30  INFO 9048 --- [restartedMain] .e.DevToolsPropertyDefaultsPostProcessor : For additional web related logging consider setting the 'logging.level.web' property to 'DEBUG'
2023-05-26T11:34:52.896+05:30  INFO 9048 --- [restartedMain] .s.d.r.c.RepositoryConfigurationDelegate : Bootstrapping Spring Data JPA repositories in DEFAULT mode.
2023-05-26T11:34:53.194+05:30  INFO 9048 --- [restartedMain] .s.d.r.c.RepositoryConfigurationDelegate : Finished Spring Data repository scanning in 279 ms. Found 1 JPA repository interfaces.
2023-05-26T11:34:54.039+05:30  INFO 9048 --- [restartedMain] trationDelegate$BeanPostProcessorChecker : Bean 'org.springframework.ws.config.annotation.DelegatingWsConfiguration' of type [org.springframework.ws.config.annotation.DelegatingWsConfiguration$$SpringCGLIB$$0] is not eligible for getting processed by all BeanPostProcessors (for example: not eligible for auto-proxying)
2023-05-26T11:34:54.533+05:30  INFO 9048 --- [restartedMain] .w.s.a.s.AnnotationActionEndpointMapping : Supporting [WS-Addressing August 2004, WS-Addressing 1.0]
2023-05-26T11:34:56.553+05:30  INFO 9048 --- [restartedMain] o.s.b.w.embedded.tomcat.TomcatWebServer  : Tomcat initialized with port(s): 9005 (http)
2023-05-26T11:34:56.577+05:30  INFO 9048 --- [restartedMain] o.apache.catalina.core.StandardService   : Starting service [Tomcat]
2023-05-26T11:34:56.577+05:30  INFO 9048 --- [restartedMain] o.apache.catalina.core.StandardEngine    : Starting Servlet engine: [Apache Tomcat/10.1.7]
2023-05-26T11:34:57.116+05:30  INFO 9048 --- [restartedMain] o.a.c.c.C.[Tomcat].[localhost].[/]       : Initializing Spring embedded WebApplicationContext
2023-05-26T11:34:57.121+05:30  INFO 9048 --- [restartedMain] w.s.c.ServletWebServerApplicationContext : Root WebApplicationContext: initialization completed in 7484 ms
2023-05-26T11:35:02.806+05:30  INFO 9048 --- [restartedMain] com.zaxxer.hikari.HikariDataSource       : HikariPool-1 - Starting...
2023-05-26T11:35:06.310+05:30  INFO 9048 --- [restartedMain] com.zaxxer.hikari.pool.HikariPool        : HikariPool-1 - Added connection com.mysql.cj.jdbc.ConnectionImpl@4701684b
2023-05-26T11:35:06.314+05:30  INFO 9048 --- [restartedMain] com.zaxxer.hikari.HikariDataSource       : HikariPool-1 - Start completed.
2023-05-26T11:35:06.633+05:30  INFO 9048 --- [restartedMain] SQL dialect                              : HHH000400: Using dialect: org.hibernate.dialect.MySQL8Dialect
2023-05-26T11:35:10.649+05:30  INFO 9048 --- [restartedMain] j.LocalContainerEntityManagerFactoryBean : Initialized JPA EntityManagerFactory for persistence unit 'default'
2023-05-26T11:35:15.491+05:30  WARN 9048 --- [restartedMain] JpaBaseConfiguration$JpaWebConfiguration : spring.jpa.open-in-view is enabled by default. Therefore, database queries may be performed during view rendering. Explicitly configure spring.jpa.open-in-view to disable this warning
2023-05-26T11:35:22.012+05:30  INFO 9048 --- [restartedMain] o.s.b.d.a.OptionalLiveReloadServer       : LiveReload server is running on port 35729
2023-05-26T11:35:22.039+05:30  INFO 9048 --- [restartedMain] o.s.b.a.e.web.EndpointLinksResolver      : Exposing 1 endpoint(s) beneath base path '/actuator'
2023-05-26T11:35:22.777+05:30  INFO 9048 --- [restartedMain] o.s.b.w.embedded.tomcat.TomcatWebServer  : Tomcat started on port(s): 9005 (http) with context path ''
2023-05-26T11:35:22.807+05:30  INFO 9048 --- [restartedMain] c.pms.G2PatientInfoServiceApplication    : Started G2PatientInfoServiceApplication in 34.491 seconds (process running for 38.853)
2023-05-26T11:35:24.959+05:30  INFO 9048 --- [RMI TCP Connection(4)-127.0.0.1] o.a.c.c.C.[Tomcat].[localhost].[/]       : Initializing Spring DispatcherServlet 'dispatcherServlet'
2023-05-26T11:35:24.960+05:30  INFO 9048 --- [RMI TCP Connection(4)-127.0.0.1] o.s.web.servlet.DispatcherServlet        : Initializing Servlet 'dispatcherServlet'
2023-05-26T11:35:24.965+05:30  INFO 9048 --- [RMI TCP Connection(4)-127.0.0.1] o.s.web.servlet.DispatcherServlet        : Completed initialization in 4 ms
2023-05-26T11:36:13.540+05:30  INFO 9048 --- [RMI TCP Connection(8)-127.0.0.1] inMXBeanRegistrar$SpringApplicationAdmin : Application shutdown requested.
2023-05-26T11:36:13.707+05:30  INFO 9048 --- [RMI TCP Connection(8)-127.0.0.1] o.apache.catalina.core.StandardService   : Stopping service [Tomcat]
2023-05-26T11:36:14.660+05:30  INFO 9048 --- [RMI TCP Connection(8)-127.0.0.1] o.a.c.c.C.[Tomcat].[localhost].[/]       : Destroying Spring FrameworkServlet 'dispatcherServlet'
2023-05-26T11:36:15.942+05:30  INFO 9048 --- [RMI TCP Connection(8)-127.0.0.1] j.LocalContainerEntityManagerFactoryBean : Closing JPA EntityManagerFactory for persistence unit 'default'
2023-05-26T11:36:15.948+05:30  INFO 9048 --- [RMI TCP Connection(8)-127.0.0.1] com.zaxxer.hikari.HikariDataSource       : HikariPool-1 - Shutdown initiated...
2023-05-26T11:36:18.863+05:30  INFO 9048 --- [RMI TCP Connection(8)-127.0.0.1] com.zaxxer.hikari.HikariDataSource       : HikariPool-1 - Shutdown completed.
2023-05-26T11:37:29.257+05:30  INFO 5096 --- [main] c.p.G2PatientInfoServiceApplicationTests : Starting G2PatientInfoServiceApplicationTests using Java 17.0.6 with PID 5096 (started by getlost in C:\Users\getlost\Desktop\pms-final\updated services\g2-patient-info-service)
2023-05-26T11:37:29.270+05:30  INFO 5096 --- [main] c.p.G2PatientInfoServiceApplicationTests : The following 1 profile is active: "production"
2023-05-26T11:37:32.741+05:30  INFO 5096 --- [main] .s.d.r.c.RepositoryConfigurationDelegate : Bootstrapping Spring Data JPA repositories in DEFAULT mode.
2023-05-26T11:37:33.082+05:30  INFO 5096 --- [main] .s.d.r.c.RepositoryConfigurationDelegate : Finished Spring Data repository scanning in 322 ms. Found 1 JPA repository interfaces.
2023-05-26T11:37:34.416+05:30  INFO 5096 --- [main] trationDelegate$BeanPostProcessorChecker : Bean 'org.springframework.ws.config.annotation.DelegatingWsConfiguration' of type [org.springframework.ws.config.annotation.DelegatingWsConfiguration$$SpringCGLIB$$0] is not eligible for getting processed by all BeanPostProcessors (for example: not eligible for auto-proxying)
2023-05-26T11:37:34.732+05:30  INFO 5096 --- [main] .w.s.a.s.AnnotationActionEndpointMapping : Supporting [WS-Addressing August 2004, WS-Addressing 1.0]
2023-05-26T11:37:37.838+05:30  INFO 5096 --- [main] com.zaxxer.hikari.HikariDataSource       : HikariPool-1 - Starting...
2023-05-26T11:37:41.588+05:30  INFO 5096 --- [main] com.zaxxer.hikari.pool.HikariPool        : HikariPool-1 - Added connection com.mysql.cj.jdbc.ConnectionImpl@78bce1c4
2023-05-26T11:37:41.725+05:30  INFO 5096 --- [main] com.zaxxer.hikari.HikariDataSource       : HikariPool-1 - Start completed.
2023-05-26T11:37:41.907+05:30  INFO 5096 --- [main] SQL dialect                              : HHH000400: Using dialect: org.hibernate.dialect.MySQL8Dialect
2023-05-26T11:37:47.099+05:30  INFO 5096 --- [main] j.LocalContainerEntityManagerFactoryBean : Initialized JPA EntityManagerFactory for persistence unit 'default'
2023-05-26T11:37:49.908+05:30  WARN 5096 --- [main] JpaBaseConfiguration$JpaWebConfiguration : spring.jpa.open-in-view is enabled by default. Therefore, database queries may be performed during view rendering. Explicitly configure spring.jpa.open-in-view to disable this warning
2023-05-26T11:37:58.448+05:30  INFO 5096 --- [main] o.s.b.a.e.web.EndpointLinksResolver      : Exposing 1 endpoint(s) beneath base path '/actuator'
2023-05-26T11:37:58.857+05:30  INFO 5096 --- [main] c.p.G2PatientInfoServiceApplicationTests : Started G2PatientInfoServiceApplicationTests in 30.311 seconds (process running for 33.384)
2023-05-26T11:38:01.737+05:30  INFO 5096 --- [SpringApplicationShutdownHook] j.LocalContainerEntityManagerFactoryBean : Closing JPA EntityManagerFactory for persistence unit 'default'
2023-05-26T11:38:01.742+05:30  INFO 5096 --- [SpringApplicationShutdownHook] com.zaxxer.hikari.HikariDataSource       : HikariPool-1 - Shutdown initiated...
2023-05-26T11:38:04.682+05:30  INFO 5096 --- [SpringApplicationShutdownHook] com.zaxxer.hikari.HikariDataSource       : HikariPool-1 - Shutdown completed.
